<?xml version="1.0" encoding="UTF-8"?>
<testng-results skipped="0" failed="0" total="1" passed="1">
  <reporter-output>
  </reporter-output>
  <suite name="Default suite" duration-ms="36058" started-at="2018-10-28T06:16:33Z" finished-at="2018-10-28T06:17:10Z">
    <groups>
    </groups>
    <test name="Default test" duration-ms="36058" started-at="2018-10-28T06:16:33Z" finished-at="2018-10-28T06:17:10Z">
      <class name="TestNgClass.FreeCRMSignUP">
        <test-method status="PASS" signature="FreeCRMLogin()[pri:0, instance:TestNgClass.FreeCRMSignUP@45b4c3a9]" name="FreeCRMLogin" duration-ms="36023" started-at="2018-10-28T11:46:33Z" finished-at="2018-10-28T11:47:10Z">
          <reporter-output>
          </reporter-output>
        </test-method> <!-- FreeCRMLogin -->
      </class> <!-- TestNgClass.FreeCRMSignUP -->
    </test> <!-- Default test -->
  </suite> <!-- Default suite -->
</testng-results>
